2019-09-10 19:41:08.308  INFO 10612 --- [main] c.d.dongnimall.DongniMallApplication     : Starting DongniMallApplication on LAPTOP-S5O42F9A with PID 10612 (C:\Users\56979\IdeaProjects\dongniMall\target\classes started by 56979 in C:\Users\56979\IdeaProjects\dongniMall)
2019-09-10 19:41:08.311  INFO 10612 --- [main] c.d.dongnimall.DongniMallApplication     : No active profile set, falling back to default profiles: default
2019-09-10 19:41:09.050  WARN 10612 --- [main] o.m.s.mapper.ClassPathMapperScanner      : No MyBatis mapper was found in '[com.dongni.dongnimall]' package. Please check your configuration.
2019-09-10 19:41:09.593  INFO 10612 --- [main] o.s.b.w.embedded.tomcat.TomcatWebServer  : Tomcat initialized with port(s): 8081 (http)
2019-09-10 19:41:09.617  INFO 10612 --- [main] o.apache.catalina.core.StandardService   : Starting service [Tomcat]
2019-09-10 19:41:09.617  INFO 10612 --- [main] org.apache.catalina.core.StandardEngine  : Starting Servlet engine: [Apache Tomcat/9.0.24]
2019-09-10 19:41:09.736  INFO 10612 --- [main] o.a.c.c.C.[Tomcat].[localhost].[/]       : Initializing Spring embedded WebApplicationContext
2019-09-10 19:41:09.736  INFO 10612 --- [main] o.s.web.context.ContextLoader            : Root WebApplicationContext: initialization completed in 1382 ms
2019-09-10 19:41:09.966  INFO 10612 --- [main] o.s.s.concurrent.ThreadPoolTaskExecutor  : Initializing ExecutorService 'applicationTaskExecutor'
2019-09-10 19:41:10.302  INFO 10612 --- [main] o.s.b.w.embedded.tomcat.TomcatWebServer  : Tomcat started on port(s): 8081 (http) with context path ''
2019-09-10 19:41:10.306  INFO 10612 --- [main] c.d.dongnimall.DongniMallApplication     : Started DongniMallApplication in 2.497 seconds (JVM running for 4.084)
2019-09-10 19:45:47.161  INFO 10612 --- [Thread-8] o.s.s.concurrent.ThreadPoolTaskExecutor  : Shutting down ExecutorService 'applicationTaskExecutor'
2019/09/10-19:45 [main] INFO  com.dongni.dongnimall.DongniMallApplication- Starting DongniMallApplication on LAPTOP-S5O42F9A with PID 5968 (C:\Users\56979\IdeaProjects\dongniMall\target\classes started by 56979 in C:\Users\56979\IdeaProjects\dongniMall)
2019/09/10-19:45 [main] INFO  com.dongni.dongnimall.DongniMallApplication- No active profile set, falling back to default profiles: default
2019/09/10-19:45 [main] WARN  org.mybatis.spring.mapper.ClassPathMapperScanner- No MyBatis mapper was found in '[com.dongni.dongnimall]' package. Please check your configuration.
2019/09/10-19:45 [main] INFO  org.springframework.boot.web.embedded.tomcat.TomcatWebServer- Tomcat initialized with port(s): 8081 (http)
2019/09/10-19:45 [main] INFO  org.apache.catalina.core.StandardService- Starting service [Tomcat]
2019/09/10-19:45 [main] INFO  org.apache.catalina.core.StandardEngine- Starting Servlet engine: [Apache Tomcat/9.0.24]
2019/09/10-19:45 [main] INFO  org.apache.catalina.core.ContainerBase.[Tomcat].[localhost].[/]- Initializing Spring embedded WebApplicationContext
2019/09/10-19:45 [main] INFO  org.springframework.web.context.ContextLoader- Root WebApplicationContext: initialization completed in 1077 ms
2019/09/10-19:45 [main] INFO  org.springframework.scheduling.concurrent.ThreadPoolTaskExecutor- Initializing ExecutorService 'applicationTaskExecutor'
2019/09/10-19:45 [main] INFO  org.springframework.boot.web.embedded.tomcat.TomcatWebServer- Tomcat started on port(s): 8081 (http) with context path ''
2019/09/10-19:45 [main] INFO  com.dongni.dongnimall.DongniMallApplication- Started DongniMallApplication in 2.023 seconds (JVM running for 2.995)
2019-09-10-19:48 [main] INFO  com.dongni.dongnimall.DongniMallApplication- Starting DongniMallApplication on LAPTOP-S5O42F9A with PID 32376 (C:\Users\56979\IdeaProjects\dongniMall\target\classes started by 56979 in C:\Users\56979\IdeaProjects\dongniMall)
2019-09-10-19:48 [main] INFO  com.dongni.dongnimall.DongniMallApplication- No active profile set, falling back to default profiles: default
2019-09-10-19:48 [main] WARN  org.mybatis.spring.mapper.ClassPathMapperScanner- No MyBatis mapper was found in '[com.dongni.dongnimall]' package. Please check your configuration.
2019-09-10-19:48 [main] INFO  org.springframework.boot.web.embedded.tomcat.TomcatWebServer- Tomcat initialized with port(s): 8081 (http)
2019-09-10-19:48 [main] INFO  org.apache.catalina.core.StandardService- Starting service [Tomcat]
2019-09-10-19:48 [main] INFO  org.apache.catalina.core.StandardEngine- Starting Servlet engine: [Apache Tomcat/9.0.24]
2019-09-10-19:48 [main] INFO  org.apache.catalina.core.ContainerBase.[Tomcat].[localhost].[/]- Initializing Spring embedded WebApplicationContext
2019-09-10-19:48 [main] INFO  org.springframework.web.context.ContextLoader- Root WebApplicationContext: initialization completed in 1170 ms
2019-09-10-19:48 [main] INFO  org.springframework.scheduling.concurrent.ThreadPoolTaskExecutor- Initializing ExecutorService 'applicationTaskExecutor'
2019-09-10-19:48 [main] INFO  org.springframework.boot.web.embedded.tomcat.TomcatWebServer- Tomcat started on port(s): 8081 (http) with context path ''
2019-09-10-19:48 [main] INFO  com.dongni.dongnimall.DongniMallApplication- Started DongniMallApplication in 2.076 seconds (JVM running for 3.011)
2019-09-10-19:53 [main] INFO  com.dongni.dongnimall.DongniMallApplication- Starting DongniMallApplication on LAPTOP-S5O42F9A with PID 11156 (C:\Users\56979\IdeaProjects\dongniMall\target\classes started by 56979 in C:\Users\56979\IdeaProjects\dongniMall)
2019-09-10-19:53 [main] INFO  com.dongni.dongnimall.DongniMallApplication- No active profile set, falling back to default profiles: default
2019-09-10-19:53 [main] WARN  org.mybatis.spring.mapper.ClassPathMapperScanner- No MyBatis mapper was found in '[com.dongni.dongnimall]' package. Please check your configuration.
2019-09-10-19:53 [main] INFO  org.springframework.boot.web.embedded.tomcat.TomcatWebServer- Tomcat initialized with port(s): 8081 (http)
2019-09-10-19:53 [main] INFO  org.apache.catalina.core.StandardService- Starting service [Tomcat]
2019-09-10-19:53 [main] INFO  org.apache.catalina.core.StandardEngine- Starting Servlet engine: [Apache Tomcat/9.0.24]
2019-09-10-19:53 [main] INFO  org.apache.catalina.core.ContainerBase.[Tomcat].[localhost].[/]- Initializing Spring embedded WebApplicationContext
2019-09-10-19:53 [main] INFO  org.springframework.web.context.ContextLoader- Root WebApplicationContext: initialization completed in 1912 ms
2019-09-10-19:53 [main] INFO  org.springframework.scheduling.concurrent.ThreadPoolTaskExecutor- Initializing ExecutorService 'applicationTaskExecutor'
2019-09-10-19:53 [main] INFO  org.springframework.boot.web.embedded.tomcat.TomcatWebServer- Tomcat started on port(s): 8081 (http) with context path ''
2019-09-10-19:53 [main] INFO  com.dongni.dongnimall.DongniMallApplication- Started DongniMallApplication in 3.33 seconds (JVM running for 4.78)
2019-09-10-19:56 [main] INFO  com.dongni.dongnimall.DongniMallApplication- Starting DongniMallApplication on LAPTOP-S5O42F9A with PID 31492 (C:\dongni2019\dongniMall\src\dongniMall\target\classes started by 56979 in C:\dongni2019\dongniMall\src\dongniMall)
2019-09-10-19:56 [main] INFO  com.dongni.dongnimall.DongniMallApplication- No active profile set, falling back to default profiles: default
2019-09-10-19:56 [main] WARN  org.mybatis.spring.mapper.ClassPathMapperScanner- No MyBatis mapper was found in '[com.dongni.dongnimall]' package. Please check your configuration.
2019-09-10-19:56 [main] INFO  org.springframework.boot.web.embedded.tomcat.TomcatWebServer- Tomcat initialized with port(s): 8081 (http)
2019-09-10-19:56 [main] INFO  org.apache.catalina.core.StandardService- Starting service [Tomcat]
2019-09-10-19:56 [main] INFO  org.apache.catalina.core.StandardEngine- Starting Servlet engine: [Apache Tomcat/9.0.24]
2019-09-10-19:56 [main] INFO  org.apache.catalina.core.ContainerBase.[Tomcat].[localhost].[/]- Initializing Spring embedded WebApplicationContext
2019-09-10-19:56 [main] INFO  org.springframework.web.context.ContextLoader- Root WebApplicationContext: initialization completed in 1590 ms
2019-09-10-19:56 [main] INFO  org.springframework.scheduling.concurrent.ThreadPoolTaskExecutor- Initializing ExecutorService 'applicationTaskExecutor'
2019-09-10-19:56 [main] INFO  org.springframework.boot.web.embedded.tomcat.TomcatWebServer- Tomcat started on port(s): 8081 (http) with context path ''
2019-09-10-19:56 [main] INFO  com.dongni.dongnimall.DongniMallApplication- Started DongniMallApplication in 2.848 seconds (JVM running for 3.854)
2019-09-10-20:15 [main] INFO  com.dongni.dongnimall.DongniMallApplicationTests- Starting DongniMallApplicationTests on LAPTOP-S5O42F9A with PID 26680 (started by 56979 in C:\dongni2019\dongniMall\src\dongniMall)
2019-09-10-20:15 [main] INFO  com.dongni.dongnimall.DongniMallApplicationTests- No active profile set, falling back to default profiles: default
2019-09-10-20:15 [main] INFO  com.dongni.dongnimall.DongniMallApplicationTests- Started DongniMallApplicationTests in 5.553 seconds (JVM running for 7.581)
2019-09-10-20:15 [main] INFO  com.zaxxer.hikari.HikariDataSource- HikariPool-1 - Starting...
2019-09-10-20:15 [main] INFO  com.zaxxer.hikari.HikariDataSource- HikariPool-1 - Start completed.
2019-09-10-20:15 [Thread-2] INFO  com.zaxxer.hikari.HikariDataSource- HikariPool-1 - Shutdown initiated...
2019-09-10-20:15 [Thread-2] INFO  com.zaxxer.hikari.HikariDataSource- HikariPool-1 - Shutdown completed.
2019-09-10-20:19 [main] INFO  com.dongni.dongnimall.DongniMallApplicationTests- Starting DongniMallApplicationTests on LAPTOP-S5O42F9A with PID 21684 (started by 56979 in C:\dongni2019\dongniMall\src\dongniMall)
2019-09-10-20:19 [main] INFO  com.dongni.dongnimall.DongniMallApplicationTests- No active profile set, falling back to default profiles: default
2019-09-10-20:19 [main] INFO  com.dongni.dongnimall.DongniMallApplicationTests- Started DongniMallApplicationTests in 3.752 seconds (JVM running for 4.827)
2019-09-10-20:19 [main] INFO  com.zaxxer.hikari.HikariDataSource- HikariPool-1 - Starting...
2019-09-10-20:19 [main] INFO  com.zaxxer.hikari.HikariDataSource- HikariPool-1 - Start completed.
2019-09-10-20:19 [Thread-2] INFO  com.zaxxer.hikari.HikariDataSource- HikariPool-1 - Shutdown initiated...
2019-09-10-20:19 [Thread-2] INFO  com.zaxxer.hikari.HikariDataSource- HikariPool-1 - Shutdown completed.
2019-09-10-20:21 [main] INFO  com.dongni.dongnimall.DongniMallApplicationTests- Starting DongniMallApplicationTests on LAPTOP-S5O42F9A with PID 26864 (started by 56979 in C:\dongni2019\dongniMall\src\dongniMall)
2019-09-10-20:21 [main] INFO  com.dongni.dongnimall.DongniMallApplicationTests- No active profile set, falling back to default profiles: default
2019-09-10-20:21 [main] INFO  com.dongni.dongnimall.DongniMallApplicationTests- Started DongniMallApplicationTests in 3.429 seconds (JVM running for 4.689)
2019-09-10-20:21 [main] INFO  com.zaxxer.hikari.HikariDataSource- HikariPool-1 - Starting...
2019-09-10-20:21 [main] INFO  com.zaxxer.hikari.HikariDataSource- HikariPool-1 - Start completed.
2019-09-10-20:21 [Thread-2] INFO  com.zaxxer.hikari.HikariDataSource- HikariPool-1 - Shutdown initiated...
2019-09-10-20:21 [Thread-2] INFO  com.zaxxer.hikari.HikariDataSource- HikariPool-1 - Shutdown completed.
2019-09-10-20:29 [main] INFO  com.dongni.dongnimall.DongniMallApplicationTests- Starting DongniMallApplicationTests on LAPTOP-S5O42F9A with PID 15708 (started by 56979 in C:\dongni2019\dongniMall\src\dongniMall)
2019-09-10-20:29 [main] INFO  com.dongni.dongnimall.DongniMallApplicationTests- No active profile set, falling back to default profiles: default
2019-09-10-20:29 [main] INFO  com.dongni.dongnimall.DongniMallApplicationTests- Started DongniMallApplicationTests in 3.324 seconds (JVM running for 4.364)
2019-09-10-20:29 [main] INFO  com.zaxxer.hikari.HikariDataSource- HikariPool-1 - Starting...
2019-09-10-20:30 [main] INFO  com.dongni.dongnimall.DongniMallApplicationTests- Starting DongniMallApplicationTests on LAPTOP-S5O42F9A with PID 3636 (started by 56979 in C:\dongni2019\dongniMall\src\dongniMall)
2019-09-10-20:30 [main] INFO  com.dongni.dongnimall.DongniMallApplicationTests- No active profile set, falling back to default profiles: default
2019-09-10-20:30 [main] INFO  com.dongni.dongnimall.DongniMallApplicationTests- Started DongniMallApplicationTests in 3.497 seconds (JVM running for 4.547)
2019-09-10-20:30 [main] INFO  com.zaxxer.hikari.HikariDataSource- HikariPool-1 - Starting...
2019-09-10-20:30 [main] INFO  com.zaxxer.hikari.HikariDataSource- HikariPool-1 - Start completed.
2019-09-10-20:30 [Thread-2] INFO  com.zaxxer.hikari.HikariDataSource- HikariPool-1 - Shutdown initiated...
2019-09-10-20:30 [Thread-2] INFO  com.zaxxer.hikari.HikariDataSource- HikariPool-1 - Shutdown completed.
2019-09-10-20:31 [main] INFO  com.dongni.dongnimall.DongniMallApplicationTests- Starting DongniMallApplicationTests on LAPTOP-S5O42F9A with PID 27432 (started by 56979 in C:\dongni2019\dongniMall\src\dongniMall)
2019-09-10-20:31 [main] INFO  com.dongni.dongnimall.DongniMallApplicationTests- No active profile set, falling back to default profiles: default
2019-09-10-20:31 [main] INFO  com.dongni.dongnimall.DongniMallApplicationTests- Started DongniMallApplicationTests in 3.383 seconds (JVM running for 4.534)
2019-09-10-20:31 [main] INFO  com.zaxxer.hikari.HikariDataSource- HikariPool-1 - Starting...
2019-09-10-20:31 [main] INFO  com.zaxxer.hikari.HikariDataSource- HikariPool-1 - Start completed.
2019-09-10-20:31 [main] INFO  p6spy-  Consume Time：12 ms 2019-09-10 20:31:13
 Execute SQL：SELECT id,name,create_date FROM bill_shop

2019-09-10-20:31 [Thread-2] INFO  com.zaxxer.hikari.HikariDataSource- HikariPool-1 - Shutdown initiated...
2019-09-10-20:31 [Thread-2] INFO  com.zaxxer.hikari.HikariDataSource- HikariPool-1 - Shutdown completed.
2019-09-10-20:35 [main] INFO  com.dongni.dongnimall.DongniMallApplicationTests- Starting DongniMallApplicationTests on LAPTOP-S5O42F9A with PID 30148 (started by 56979 in C:\dongni2019\dongniMall\src\dongniMall)
2019-09-10-20:35 [main] INFO  com.dongni.dongnimall.DongniMallApplicationTests- No active profile set, falling back to default profiles: default
2019-09-10-20:35 [main] INFO  com.dongni.dongnimall.DongniMallApplicationTests- Started DongniMallApplicationTests in 3.703 seconds (JVM running for 4.942)
2019-09-10-20:38 [main] INFO  com.dongni.dongnimall.DongniMallApplicationTests- Starting DongniMallApplicationTests on LAPTOP-S5O42F9A with PID 25372 (started by 56979 in C:\dongni2019\dongniMall\src\dongniMall)
2019-09-10-20:38 [main] INFO  com.dongni.dongnimall.DongniMallApplicationTests- No active profile set, falling back to default profiles: default
2019-09-10-20:38 [main] INFO  com.dongni.dongnimall.DongniMallApplicationTests- Started DongniMallApplicationTests in 3.33 seconds (JVM running for 4.351)
2019-09-10-20:38 [main] INFO  com.zaxxer.hikari.HikariDataSource- HikariPool-1 - Starting...
2019-09-10-20:38 [main] INFO  com.zaxxer.hikari.HikariDataSource- HikariPool-1 - Start completed.
2019-09-10-20:38 [main] INFO  p6spy-  Consume Time：18 ms 2019-09-10 20:38:12
 Execute SQL：SELECT COUNT(1) FROM bill_shop

2019-09-10-20:38 [main] INFO  p6spy-  Consume Time：0 ms 2019-09-10 20:38:12
 Execute SQL：select * from bill_shop LIMIT 1,1

2019-09-10-20:38 [Thread-2] INFO  com.zaxxer.hikari.HikariDataSource- HikariPool-1 - Shutdown initiated...
2019-09-10-20:38 [Thread-2] INFO  com.zaxxer.hikari.HikariDataSource- HikariPool-1 - Shutdown completed.
2019-09-10-20:39 [main] INFO  com.dongni.dongnimall.DongniMallApplicationTests- Starting DongniMallApplicationTests on LAPTOP-S5O42F9A with PID 17332 (started by 56979 in C:\dongni2019\dongniMall\src\dongniMall)
2019-09-10-20:39 [main] INFO  com.dongni.dongnimall.DongniMallApplicationTests- No active profile set, falling back to default profiles: default
2019-09-10-20:39 [main] INFO  com.dongni.dongnimall.DongniMallApplicationTests- Started DongniMallApplicationTests in 3.407 seconds (JVM running for 4.405)
2019-09-10-20:39 [main] INFO  com.zaxxer.hikari.HikariDataSource- HikariPool-1 - Starting...
2019-09-10-20:39 [main] INFO  com.zaxxer.hikari.HikariDataSource- HikariPool-1 - Start completed.
2019-09-10-20:39 [main] INFO  p6spy-  Consume Time：16 ms 2019-09-10 20:39:04
 Execute SQL：SELECT COUNT(1) FROM bill_shop

2019-09-10-20:39 [main] INFO  p6spy-  Consume Time：0 ms 2019-09-10 20:39:04
 Execute SQL：select * from bill_shop LIMIT 2,1

2019-09-10-20:39 [Thread-2] INFO  com.zaxxer.hikari.HikariDataSource- HikariPool-1 - Shutdown initiated...
2019-09-10-20:39 [Thread-2] INFO  com.zaxxer.hikari.HikariDataSource- HikariPool-1 - Shutdown completed.
2019-09-10-20:39 [main] INFO  com.dongni.dongnimall.DongniMallApplicationTests- Starting DongniMallApplicationTests on LAPTOP-S5O42F9A with PID 27596 (started by 56979 in C:\dongni2019\dongniMall\src\dongniMall)
2019-09-10-20:39 [main] INFO  com.dongni.dongnimall.DongniMallApplicationTests- No active profile set, falling back to default profiles: default
2019-09-10-20:39 [main] INFO  com.dongni.dongnimall.DongniMallApplicationTests- Started DongniMallApplicationTests in 3.765 seconds (JVM running for 4.873)
2019-09-10-20:39 [main] INFO  com.zaxxer.hikari.HikariDataSource- HikariPool-1 - Starting...
2019-09-10-20:39 [main] INFO  com.zaxxer.hikari.HikariDataSource- HikariPool-1 - Start completed.
2019-09-10-20:39 [main] INFO  p6spy-  Consume Time：26 ms 2019-09-10 20:39:24
 Execute SQL：SELECT COUNT(1) FROM bill_shop

2019-09-10-20:39 [main] INFO  p6spy-  Consume Time：0 ms 2019-09-10 20:39:24
 Execute SQL：select * from bill_shop LIMIT 2,2

2019-09-10-20:39 [Thread-2] INFO  com.zaxxer.hikari.HikariDataSource- HikariPool-1 - Shutdown initiated...
2019-09-10-20:39 [Thread-2] INFO  com.zaxxer.hikari.HikariDataSource- HikariPool-1 - Shutdown completed.
2019-09-10-20:41 [main] INFO  com.dongni.dongnimall.DongniMallApplicationTests- Starting DongniMallApplicationTests on LAPTOP-S5O42F9A with PID 21388 (started by 56979 in C:\dongni2019\dongniMall\src\dongniMall)
2019-09-10-20:41 [main] INFO  com.dongni.dongnimall.DongniMallApplicationTests- No active profile set, falling back to default profiles: default
2019-09-10-20:41 [main] INFO  com.dongni.dongnimall.DongniMallApplicationTests- Started DongniMallApplicationTests in 3.615 seconds (JVM running for 4.583)
2019-09-10-20:41 [main] INFO  com.zaxxer.hikari.HikariDataSource- HikariPool-1 - Starting...
2019-09-10-20:41 [main] INFO  com.zaxxer.hikari.HikariDataSource- HikariPool-1 - Start completed.
2019-09-10-20:41 [main] INFO  p6spy-  Consume Time：19 ms 2019-09-10 20:41:42
 Execute SQL：SELECT COUNT(1) FROM bill_shop WHERE name = '1'

2019-09-10-20:41 [main] INFO  p6spy-  Consume Time：0 ms 2019-09-10 20:41:42
 Execute SQL：select * from bill_shop where name='1' LIMIT 2,2

2019-09-10-20:41 [Thread-2] INFO  com.zaxxer.hikari.HikariDataSource- HikariPool-1 - Shutdown initiated...
2019-09-10-20:41 [Thread-2] INFO  com.zaxxer.hikari.HikariDataSource- HikariPool-1 - Shutdown completed.
2019-09-10-20:42 [main] INFO  com.dongni.dongnimall.DongniMallApplicationTests- Starting DongniMallApplicationTests on LAPTOP-S5O42F9A with PID 29436 (started by 56979 in C:\dongni2019\dongniMall\src\dongniMall)
2019-09-10-20:42 [main] INFO  com.dongni.dongnimall.DongniMallApplicationTests- No active profile set, falling back to default profiles: default
2019-09-10-20:42 [main] INFO  com.dongni.dongnimall.DongniMallApplicationTests- Started DongniMallApplicationTests in 3.381 seconds (JVM running for 4.401)
2019-09-10-20:42 [main] INFO  com.zaxxer.hikari.HikariDataSource- HikariPool-1 - Starting...
2019-09-10-20:42 [main] INFO  com.zaxxer.hikari.HikariDataSource- HikariPool-1 - Start completed.
2019-09-10-20:42 [main] INFO  p6spy-  Consume Time：22 ms 2019-09-10 20:42:20
 Execute SQL：SELECT COUNT(1) FROM bill_shop WHERE name = '1'

2019-09-10-20:42 [main] INFO  p6spy-  Consume Time：0 ms 2019-09-10 20:42:20
 Execute SQL：select * from bill_shop where name='1' LIMIT 0,2

2019-09-10-20:42 [Thread-2] INFO  com.zaxxer.hikari.HikariDataSource- HikariPool-1 - Shutdown initiated...
2019-09-10-20:42 [Thread-2] INFO  com.zaxxer.hikari.HikariDataSource- HikariPool-1 - Shutdown completed.
2019-09-17-10:48 [main] INFO  com.dongni.dongnimall.DongniMallApplication- Starting DongniMallApplication on cengshuaideMacBook-Pro.local with PID 2329 (/Users/cengshuai/git_repository/dongniMall/src/dongniMall/target/classes started by cengshuai in /Users/cengshuai/git_repository/dongniMall/src/dongniMall)
2019-09-17-10:48 [main] INFO  com.dongni.dongnimall.DongniMallApplication- No active profile set, falling back to default profiles: default
2019-09-17-10:48 [main] WARN  org.mybatis.spring.mapper.ClassPathMapperScanner- No MyBatis mapper was found in '[com.dongni.dongnimall]' package. Please check your configuration.
2019-09-17-10:48 [main] WARN  org.mybatis.spring.mapper.ClassPathMapperScanner- No MyBatis mapper was found in '[com.dongni.dongnimall]' package. Please check your configuration.
2019-09-17-10:48 [main] INFO  org.springframework.boot.web.embedded.tomcat.TomcatWebServer- Tomcat initialized with port(s): 8081 (http)
2019-09-17-10:48 [main] INFO  org.apache.catalina.core.StandardService- Starting service [Tomcat]
2019-09-17-10:48 [main] INFO  org.apache.catalina.core.StandardEngine- Starting Servlet engine: [Apache Tomcat/9.0.24]
2019-09-17-10:48 [main] INFO  org.apache.catalina.core.ContainerBase.[Tomcat].[localhost].[/]- Initializing Spring embedded WebApplicationContext
2019-09-17-10:48 [main] INFO  org.springframework.web.context.ContextLoader- Root WebApplicationContext: initialization completed in 945 ms
2019-09-17-10:48 [main] INFO  org.springframework.scheduling.concurrent.ThreadPoolTaskExecutor- Initializing ExecutorService 'applicationTaskExecutor'
2019-09-17-10:48 [main] WARN  org.springframework.boot.web.servlet.context.AnnotationConfigServletWebServerApplicationContext- Exception encountered during context initialization - cancelling refresh attempt: org.springframework.beans.factory.BeanCreationException: Error creating bean with name 'sqlSessionFactory' defined in class path resource [com/baomidou/mybatisplus/autoconfigure/MybatisPlusAutoConfiguration.class]: Bean instantiation via factory method failed; nested exception is org.springframework.beans.BeanInstantiationException: Failed to instantiate [org.apache.ibatis.session.SqlSessionFactory]: Factory method 'sqlSessionFactory' threw exception; nested exception is java.lang.NoClassDefFoundError: org/mybatis/logging/LoggerFactory
2019-09-17-10:48 [main] INFO  org.springframework.scheduling.concurrent.ThreadPoolTaskExecutor- Shutting down ExecutorService 'applicationTaskExecutor'
2019-09-17-10:48 [main] INFO  org.apache.catalina.core.StandardService- Stopping service [Tomcat]
2019-09-17-10:48 [main] INFO  org.springframework.boot.autoconfigure.logging.ConditionEvaluationReportLoggingListener- 

Error starting ApplicationContext. To display the conditions report re-run your application with 'debug' enabled.
2019-09-17-10:48 [main] ERROR org.springframework.boot.SpringApplication- Application run failed
org.springframework.beans.factory.BeanCreationException: Error creating bean with name 'sqlSessionFactory' defined in class path resource [com/baomidou/mybatisplus/autoconfigure/MybatisPlusAutoConfiguration.class]: Bean instantiation via factory method failed; nested exception is org.springframework.beans.BeanInstantiationException: Failed to instantiate [org.apache.ibatis.session.SqlSessionFactory]: Factory method 'sqlSessionFactory' threw exception; nested exception is java.lang.NoClassDefFoundError: org/mybatis/logging/LoggerFactory
	at org.springframework.beans.factory.support.ConstructorResolver.instantiate(ConstructorResolver.java:627)
	at org.springframework.beans.factory.support.ConstructorResolver.instantiateUsingFactoryMethod(ConstructorResolver.java:607)
	at org.springframework.beans.factory.support.AbstractAutowireCapableBeanFactory.instantiateUsingFactoryMethod(AbstractAutowireCapableBeanFactory.java:1321)
	at org.springframework.beans.factory.support.AbstractAutowireCapableBeanFactory.createBeanInstance(AbstractAutowireCapableBeanFactory.java:1160)
	at org.springframework.beans.factory.support.AbstractAutowireCapableBeanFactory.doCreateBean(AbstractAutowireCapableBeanFactory.java:555)
	at org.springframework.beans.factory.support.AbstractAutowireCapableBeanFactory.createBean(AbstractAutowireCapableBeanFactory.java:515)
	at org.springframework.beans.factory.support.AbstractBeanFactory.lambda$doGetBean$0(AbstractBeanFactory.java:320)
	at org.springframework.beans.factory.support.DefaultSingletonBeanRegistry.getSingleton(DefaultSingletonBeanRegistry.java:222)
	at org.springframework.beans.factory.support.AbstractBeanFactory.doGetBean(AbstractBeanFactory.java:318)
	at org.springframework.beans.factory.support.AbstractBeanFactory.getBean(AbstractBeanFactory.java:199)
	at org.springframework.beans.factory.support.DefaultListableBeanFactory.preInstantiateSingletons(DefaultListableBeanFactory.java:845)
	at org.springframework.context.support.AbstractApplicationContext.finishBeanFactoryInitialization(AbstractApplicationContext.java:877)
	at org.springframework.context.support.AbstractApplicationContext.refresh(AbstractApplicationContext.java:549)
	at org.springframework.boot.web.servlet.context.ServletWebServerApplicationContext.refresh(ServletWebServerApplicationContext.java:141)
	at org.springframework.boot.SpringApplication.refresh(SpringApplication.java:744)
	at org.springframework.boot.SpringApplication.refreshContext(SpringApplication.java:391)
	at org.springframework.boot.SpringApplication.run(SpringApplication.java:312)
	at org.springframework.boot.SpringApplication.run(SpringApplication.java:1215)
	at org.springframework.boot.SpringApplication.run(SpringApplication.java:1204)
	at com.dongni.dongnimall.DongniMallApplication.main(DongniMallApplication.java:15)
Caused by: org.springframework.beans.BeanInstantiationException: Failed to instantiate [org.apache.ibatis.session.SqlSessionFactory]: Factory method 'sqlSessionFactory' threw exception; nested exception is java.lang.NoClassDefFoundError: org/mybatis/logging/LoggerFactory
	at org.springframework.beans.factory.support.SimpleInstantiationStrategy.instantiate(SimpleInstantiationStrategy.java:185)
	at org.springframework.beans.factory.support.ConstructorResolver.instantiate(ConstructorResolver.java:622)
	... 19 common frames omitted
Caused by: java.lang.NoClassDefFoundError: org/mybatis/logging/LoggerFactory
	at com.baomidou.mybatisplus.extension.spring.MybatisSqlSessionFactoryBean.<clinit>(MybatisSqlSessionFactoryBean.java:94)
	at com.baomidou.mybatisplus.autoconfigure.MybatisPlusAutoConfiguration.sqlSessionFactory(MybatisPlusAutoConfiguration.java:157)
	at com.baomidou.mybatisplus.autoconfigure.MybatisPlusAutoConfiguration$$EnhancerBySpringCGLIB$$862227f7.CGLIB$sqlSessionFactory$0(<generated>)
	at com.baomidou.mybatisplus.autoconfigure.MybatisPlusAutoConfiguration$$EnhancerBySpringCGLIB$$862227f7$$FastClassBySpringCGLIB$$9356d798.invoke(<generated>)
	at org.springframework.cglib.proxy.MethodProxy.invokeSuper(MethodProxy.java:244)
	at org.springframework.context.annotation.ConfigurationClassEnhancer$BeanMethodInterceptor.intercept(ConfigurationClassEnhancer.java:363)
	at com.baomidou.mybatisplus.autoconfigure.MybatisPlusAutoConfiguration$$EnhancerBySpringCGLIB$$862227f7.sqlSessionFactory(<generated>)
	at sun.reflect.NativeMethodAccessorImpl.invoke0(Native Method)
	at sun.reflect.NativeMethodAccessorImpl.invoke(NativeMethodAccessorImpl.java:62)
	at sun.reflect.DelegatingMethodAccessorImpl.invoke(DelegatingMethodAccessorImpl.java:43)
	at java.lang.reflect.Method.invoke(Method.java:498)
	at org.springframework.beans.factory.support.SimpleInstantiationStrategy.instantiate(SimpleInstantiationStrategy.java:154)
	... 20 common frames omitted
Caused by: java.lang.ClassNotFoundException: org.mybatis.logging.LoggerFactory
	at java.net.URLClassLoader.findClass(URLClassLoader.java:382)
	at java.lang.ClassLoader.loadClass(ClassLoader.java:424)
	at sun.misc.Launcher$AppClassLoader.loadClass(Launcher.java:349)
	at java.lang.ClassLoader.loadClass(ClassLoader.java:357)
	... 32 common frames omitted
2019-09-17-10:49 [main] INFO  com.dongni.dongnimall.DongniMallApplication- Starting DongniMallApplication on cengshuaideMacBook-Pro.local with PID 2340 (/Users/cengshuai/git_repository/dongniMall/src/dongniMall/target/classes started by cengshuai in /Users/cengshuai/git_repository/dongniMall/src/dongniMall)
2019-09-17-10:49 [main] INFO  com.dongni.dongnimall.DongniMallApplication- No active profile set, falling back to default profiles: default
2019-09-17-10:49 [main] WARN  org.mybatis.spring.mapper.ClassPathMapperScanner- No MyBatis mapper was found in '[com.dongni.dongnimall]' package. Please check your configuration.
2019-09-17-10:49 [main] WARN  org.mybatis.spring.mapper.ClassPathMapperScanner- No MyBatis mapper was found in '[com.dongni.dongnimall]' package. Please check your configuration.
2019-09-17-10:49 [main] INFO  org.springframework.boot.web.embedded.tomcat.TomcatWebServer- Tomcat initialized with port(s): 8081 (http)
2019-09-17-10:49 [main] INFO  org.apache.catalina.core.StandardService- Starting service [Tomcat]
2019-09-17-10:49 [main] INFO  org.apache.catalina.core.StandardEngine- Starting Servlet engine: [Apache Tomcat/9.0.24]
2019-09-17-10:49 [main] INFO  org.apache.catalina.core.ContainerBase.[Tomcat].[localhost].[/]- Initializing Spring embedded WebApplicationContext
2019-09-17-10:49 [main] INFO  org.springframework.web.context.ContextLoader- Root WebApplicationContext: initialization completed in 855 ms
2019-09-17-10:49 [main] INFO  org.springframework.scheduling.concurrent.ThreadPoolTaskExecutor- Initializing ExecutorService 'applicationTaskExecutor'
2019-09-17-10:49 [main] WARN  org.springframework.boot.web.servlet.context.AnnotationConfigServletWebServerApplicationContext- Exception encountered during context initialization - cancelling refresh attempt: org.springframework.beans.factory.BeanCreationException: Error creating bean with name 'sqlSessionFactory' defined in class path resource [com/baomidou/mybatisplus/autoconfigure/MybatisPlusAutoConfiguration.class]: Bean instantiation via factory method failed; nested exception is org.springframework.beans.BeanInstantiationException: Failed to instantiate [org.apache.ibatis.session.SqlSessionFactory]: Factory method 'sqlSessionFactory' threw exception; nested exception is java.lang.NoClassDefFoundError: org/mybatis/logging/LoggerFactory
2019-09-17-10:49 [main] INFO  org.springframework.scheduling.concurrent.ThreadPoolTaskExecutor- Shutting down ExecutorService 'applicationTaskExecutor'
2019-09-17-10:49 [main] INFO  org.apache.catalina.core.StandardService- Stopping service [Tomcat]
2019-09-17-10:49 [main] INFO  org.springframework.boot.autoconfigure.logging.ConditionEvaluationReportLoggingListener- 

Error starting ApplicationContext. To display the conditions report re-run your application with 'debug' enabled.
2019-09-17-10:49 [main] ERROR org.springframework.boot.SpringApplication- Application run failed
org.springframework.beans.factory.BeanCreationException: Error creating bean with name 'sqlSessionFactory' defined in class path resource [com/baomidou/mybatisplus/autoconfigure/MybatisPlusAutoConfiguration.class]: Bean instantiation via factory method failed; nested exception is org.springframework.beans.BeanInstantiationException: Failed to instantiate [org.apache.ibatis.session.SqlSessionFactory]: Factory method 'sqlSessionFactory' threw exception; nested exception is java.lang.NoClassDefFoundError: org/mybatis/logging/LoggerFactory
	at org.springframework.beans.factory.support.ConstructorResolver.instantiate(ConstructorResolver.java:627)
	at org.springframework.beans.factory.support.ConstructorResolver.instantiateUsingFactoryMethod(ConstructorResolver.java:607)
	at org.springframework.beans.factory.support.AbstractAutowireCapableBeanFactory.instantiateUsingFactoryMethod(AbstractAutowireCapableBeanFactory.java:1321)
	at org.springframework.beans.factory.support.AbstractAutowireCapableBeanFactory.createBeanInstance(AbstractAutowireCapableBeanFactory.java:1160)
	at org.springframework.beans.factory.support.AbstractAutowireCapableBeanFactory.doCreateBean(AbstractAutowireCapableBeanFactory.java:555)
	at org.springframework.beans.factory.support.AbstractAutowireCapableBeanFactory.createBean(AbstractAutowireCapableBeanFactory.java:515)
	at org.springframework.beans.factory.support.AbstractBeanFactory.lambda$doGetBean$0(AbstractBeanFactory.java:320)
	at org.springframework.beans.factory.support.DefaultSingletonBeanRegistry.getSingleton(DefaultSingletonBeanRegistry.java:222)
	at org.springframework.beans.factory.support.AbstractBeanFactory.doGetBean(AbstractBeanFactory.java:318)
	at org.springframework.beans.factory.support.AbstractBeanFactory.getBean(AbstractBeanFactory.java:199)
	at org.springframework.beans.factory.support.DefaultListableBeanFactory.preInstantiateSingletons(DefaultListableBeanFactory.java:845)
	at org.springframework.context.support.AbstractApplicationContext.finishBeanFactoryInitialization(AbstractApplicationContext.java:877)
	at org.springframework.context.support.AbstractApplicationContext.refresh(AbstractApplicationContext.java:549)
	at org.springframework.boot.web.servlet.context.ServletWebServerApplicationContext.refresh(ServletWebServerApplicationContext.java:141)
	at org.springframework.boot.SpringApplication.refresh(SpringApplication.java:744)
	at org.springframework.boot.SpringApplication.refreshContext(SpringApplication.java:391)
	at org.springframework.boot.SpringApplication.run(SpringApplication.java:312)
	at org.springframework.boot.SpringApplication.run(SpringApplication.java:1215)
	at org.springframework.boot.SpringApplication.run(SpringApplication.java:1204)
	at com.dongni.dongnimall.DongniMallApplication.main(DongniMallApplication.java:15)
Caused by: org.springframework.beans.BeanInstantiationException: Failed to instantiate [org.apache.ibatis.session.SqlSessionFactory]: Factory method 'sqlSessionFactory' threw exception; nested exception is java.lang.NoClassDefFoundError: org/mybatis/logging/LoggerFactory
	at org.springframework.beans.factory.support.SimpleInstantiationStrategy.instantiate(SimpleInstantiationStrategy.java:185)
	at org.springframework.beans.factory.support.ConstructorResolver.instantiate(ConstructorResolver.java:622)
	... 19 common frames omitted
Caused by: java.lang.NoClassDefFoundError: org/mybatis/logging/LoggerFactory
	at com.baomidou.mybatisplus.extension.spring.MybatisSqlSessionFactoryBean.<clinit>(MybatisSqlSessionFactoryBean.java:94)
	at com.baomidou.mybatisplus.autoconfigure.MybatisPlusAutoConfiguration.sqlSessionFactory(MybatisPlusAutoConfiguration.java:157)
	at com.baomidou.mybatisplus.autoconfigure.MybatisPlusAutoConfiguration$$EnhancerBySpringCGLIB$$a5e69334.CGLIB$sqlSessionFactory$1(<generated>)
	at com.baomidou.mybatisplus.autoconfigure.MybatisPlusAutoConfiguration$$EnhancerBySpringCGLIB$$a5e69334$$FastClassBySpringCGLIB$$58c36b24.invoke(<generated>)
	at org.springframework.cglib.proxy.MethodProxy.invokeSuper(MethodProxy.java:244)
	at org.springframework.context.annotation.ConfigurationClassEnhancer$BeanMethodInterceptor.intercept(ConfigurationClassEnhancer.java:363)
	at com.baomidou.mybatisplus.autoconfigure.MybatisPlusAutoConfiguration$$EnhancerBySpringCGLIB$$a5e69334.sqlSessionFactory(<generated>)
	at sun.reflect.NativeMethodAccessorImpl.invoke0(Native Method)
	at sun.reflect.NativeMethodAccessorImpl.invoke(NativeMethodAccessorImpl.java:62)
	at sun.reflect.DelegatingMethodAccessorImpl.invoke(DelegatingMethodAccessorImpl.java:43)
	at java.lang.reflect.Method.invoke(Method.java:498)
	at org.springframework.beans.factory.support.SimpleInstantiationStrategy.instantiate(SimpleInstantiationStrategy.java:154)
	... 20 common frames omitted
Caused by: java.lang.ClassNotFoundException: org.mybatis.logging.LoggerFactory
	at java.net.URLClassLoader.findClass(URLClassLoader.java:382)
	at java.lang.ClassLoader.loadClass(ClassLoader.java:424)
	at sun.misc.Launcher$AppClassLoader.loadClass(Launcher.java:349)
	at java.lang.ClassLoader.loadClass(ClassLoader.java:357)
	... 32 common frames omitted
2019-09-17-10:50 [main] INFO  com.dongni.dongnimall.DongniMallApplication- Starting DongniMallApplication on cengshuaideMacBook-Pro.local with PID 2355 (/Users/cengshuai/git_repository/dongniMall/src/dongniMall/target/classes started by cengshuai in /Users/cengshuai/git_repository/dongniMall/src/dongniMall)
2019-09-17-10:50 [main] INFO  com.dongni.dongnimall.DongniMallApplication- No active profile set, falling back to default profiles: default
2019-09-17-10:50 [main] WARN  tk.mybatis.spring.mapper.ClassPathMapperScanner- No MyBatis mapper was found in '[com.dongni.dongnimall]' package. Please check your configuration.
2019-09-17-10:50 [main] WARN  org.mybatis.spring.mapper.ClassPathMapperScanner- No MyBatis mapper was found in '[com.dongni.dongnimall]' package. Please check your configuration.
2019-09-17-10:50 [main] WARN  org.mybatis.spring.mapper.ClassPathMapperScanner- No MyBatis mapper was found in '[com.dongni.dongnimall]' package. Please check your configuration.
2019-09-17-10:50 [main] INFO  org.springframework.boot.web.embedded.tomcat.TomcatWebServer- Tomcat initialized with port(s): 8081 (http)
2019-09-17-10:50 [main] INFO  org.apache.catalina.core.StandardService- Starting service [Tomcat]
2019-09-17-10:50 [main] INFO  org.apache.catalina.core.StandardEngine- Starting Servlet engine: [Apache Tomcat/9.0.24]
2019-09-17-10:50 [main] INFO  org.apache.catalina.core.ContainerBase.[Tomcat].[localhost].[/]- Initializing Spring embedded WebApplicationContext
2019-09-17-10:50 [main] INFO  org.springframework.web.context.ContextLoader- Root WebApplicationContext: initialization completed in 984 ms
2019-09-17-10:50 [main] INFO  org.springframework.scheduling.concurrent.ThreadPoolTaskExecutor- Initializing ExecutorService 'applicationTaskExecutor'
2019-09-17-10:50 [main] WARN  org.springframework.boot.web.servlet.context.AnnotationConfigServletWebServerApplicationContext- Exception encountered during context initialization - cancelling refresh attempt: org.springframework.beans.factory.BeanCreationException: Error creating bean with name 'sqlSessionFactory' defined in class path resource [com/baomidou/mybatisplus/autoconfigure/MybatisPlusAutoConfiguration.class]: Bean instantiation via factory method failed; nested exception is org.springframework.beans.BeanInstantiationException: Failed to instantiate [org.apache.ibatis.session.SqlSessionFactory]: Factory method 'sqlSessionFactory' threw exception; nested exception is java.lang.NoClassDefFoundError: org/mybatis/logging/LoggerFactory
2019-09-17-10:50 [main] INFO  org.springframework.scheduling.concurrent.ThreadPoolTaskExecutor- Shutting down ExecutorService 'applicationTaskExecutor'
2019-09-17-10:50 [main] INFO  org.apache.catalina.core.StandardService- Stopping service [Tomcat]
2019-09-17-10:50 [main] INFO  org.springframework.boot.autoconfigure.logging.ConditionEvaluationReportLoggingListener- 

Error starting ApplicationContext. To display the conditions report re-run your application with 'debug' enabled.
2019-09-17-10:50 [main] ERROR org.springframework.boot.SpringApplication- Application run failed
org.springframework.beans.factory.BeanCreationException: Error creating bean with name 'sqlSessionFactory' defined in class path resource [com/baomidou/mybatisplus/autoconfigure/MybatisPlusAutoConfiguration.class]: Bean instantiation via factory method failed; nested exception is org.springframework.beans.BeanInstantiationException: Failed to instantiate [org.apache.ibatis.session.SqlSessionFactory]: Factory method 'sqlSessionFactory' threw exception; nested exception is java.lang.NoClassDefFoundError: org/mybatis/logging/LoggerFactory
	at org.springframework.beans.factory.support.ConstructorResolver.instantiate(ConstructorResolver.java:627)
	at org.springframework.beans.factory.support.ConstructorResolver.instantiateUsingFactoryMethod(ConstructorResolver.java:607)
	at org.springframework.beans.factory.support.AbstractAutowireCapableBeanFactory.instantiateUsingFactoryMethod(AbstractAutowireCapableBeanFactory.java:1321)
	at org.springframework.beans.factory.support.AbstractAutowireCapableBeanFactory.createBeanInstance(AbstractAutowireCapableBeanFactory.java:1160)
	at org.springframework.beans.factory.support.AbstractAutowireCapableBeanFactory.doCreateBean(AbstractAutowireCapableBeanFactory.java:555)
	at org.springframework.beans.factory.support.AbstractAutowireCapableBeanFactory.createBean(AbstractAutowireCapableBeanFactory.java:515)
	at org.springframework.beans.factory.support.AbstractBeanFactory.lambda$doGetBean$0(AbstractBeanFactory.java:320)
	at org.springframework.beans.factory.support.DefaultSingletonBeanRegistry.getSingleton(DefaultSingletonBeanRegistry.java:222)
	at org.springframework.beans.factory.support.AbstractBeanFactory.doGetBean(AbstractBeanFactory.java:318)
	at org.springframework.beans.factory.support.AbstractBeanFactory.getBean(AbstractBeanFactory.java:199)
	at org.springframework.beans.factory.support.DefaultListableBeanFactory.preInstantiateSingletons(DefaultListableBeanFactory.java:845)
	at org.springframework.context.support.AbstractApplicationContext.finishBeanFactoryInitialization(AbstractApplicationContext.java:877)
	at org.springframework.context.support.AbstractApplicationContext.refresh(AbstractApplicationContext.java:549)
	at org.springframework.boot.web.servlet.context.ServletWebServerApplicationContext.refresh(ServletWebServerApplicationContext.java:141)
	at org.springframework.boot.SpringApplication.refresh(SpringApplication.java:744)
	at org.springframework.boot.SpringApplication.refreshContext(SpringApplication.java:391)
	at org.springframework.boot.SpringApplication.run(SpringApplication.java:312)
	at org.springframework.boot.SpringApplication.run(SpringApplication.java:1215)
	at org.springframework.boot.SpringApplication.run(SpringApplication.java:1204)
	at com.dongni.dongnimall.DongniMallApplication.main(DongniMallApplication.java:15)
Caused by: org.springframework.beans.BeanInstantiationException: Failed to instantiate [org.apache.ibatis.session.SqlSessionFactory]: Factory method 'sqlSessionFactory' threw exception; nested exception is java.lang.NoClassDefFoundError: org/mybatis/logging/LoggerFactory
	at org.springframework.beans.factory.support.SimpleInstantiationStrategy.instantiate(SimpleInstantiationStrategy.java:185)
	at org.springframework.beans.factory.support.ConstructorResolver.instantiate(ConstructorResolver.java:622)
	... 19 common frames omitted
Caused by: java.lang.NoClassDefFoundError: org/mybatis/logging/LoggerFactory
	at com.baomidou.mybatisplus.extension.spring.MybatisSqlSessionFactoryBean.<clinit>(MybatisSqlSessionFactoryBean.java:94)
	at com.baomidou.mybatisplus.autoconfigure.MybatisPlusAutoConfiguration.sqlSessionFactory(MybatisPlusAutoConfiguration.java:157)
	at com.baomidou.mybatisplus.autoconfigure.MybatisPlusAutoConfiguration$$EnhancerBySpringCGLIB$$9b77af58.CGLIB$sqlSessionFactory$1(<generated>)
	at com.baomidou.mybatisplus.autoconfigure.MybatisPlusAutoConfiguration$$EnhancerBySpringCGLIB$$9b77af58$$FastClassBySpringCGLIB$$1baeec35.invoke(<generated>)
	at org.springframework.cglib.proxy.MethodProxy.invokeSuper(MethodProxy.java:244)
	at org.springframework.context.annotation.ConfigurationClassEnhancer$BeanMethodInterceptor.intercept(ConfigurationClassEnhancer.java:363)
	at com.baomidou.mybatisplus.autoconfigure.MybatisPlusAutoConfiguration$$EnhancerBySpringCGLIB$$9b77af58.sqlSessionFactory(<generated>)
	at sun.reflect.NativeMethodAccessorImpl.invoke0(Native Method)
	at sun.reflect.NativeMethodAccessorImpl.invoke(NativeMethodAccessorImpl.java:62)
	at sun.reflect.DelegatingMethodAccessorImpl.invoke(DelegatingMethodAccessorImpl.java:43)
	at java.lang.reflect.Method.invoke(Method.java:498)
	at org.springframework.beans.factory.support.SimpleInstantiationStrategy.instantiate(SimpleInstantiationStrategy.java:154)
	... 20 common frames omitted
Caused by: java.lang.ClassNotFoundException: org.mybatis.logging.LoggerFactory
	at java.net.URLClassLoader.findClass(URLClassLoader.java:382)
	at java.lang.ClassLoader.loadClass(ClassLoader.java:424)
	at sun.misc.Launcher$AppClassLoader.loadClass(Launcher.java:349)
	at java.lang.ClassLoader.loadClass(ClassLoader.java:357)
	... 32 common frames omitted
2019-09-17-10:56 [main] INFO  com.dongni.dongnimall.DongniMallApplication- Starting DongniMallApplication on cengshuaideMacBook-Pro.local with PID 2794 (/Users/cengshuai/git_repository/dongniMall/src/dongniMall/target/classes started by cengshuai in /Users/cengshuai/git_repository/dongniMall/src/dongniMall)
2019-09-17-10:56 [main] INFO  com.dongni.dongnimall.DongniMallApplication- No active profile set, falling back to default profiles: default
2019-09-17-10:56 [main] WARN  tk.mybatis.spring.mapper.ClassPathMapperScanner- No MyBatis mapper was found in '[com.dongni.dongnimall]' package. Please check your configuration.
2019-09-17-10:56 [main] WARN  org.mybatis.spring.mapper.ClassPathMapperScanner- No MyBatis mapper was found in '[com.dongni.dongnimall]' package. Please check your configuration.
2019-09-17-10:56 [main] WARN  org.mybatis.spring.mapper.ClassPathMapperScanner- No MyBatis mapper was found in '[com.dongni.dongnimall]' package. Please check your configuration.
2019-09-17-10:56 [main] INFO  org.springframework.boot.web.embedded.tomcat.TomcatWebServer- Tomcat initialized with port(s): 8081 (http)
2019-09-17-10:56 [main] INFO  org.apache.catalina.core.StandardService- Starting service [Tomcat]
2019-09-17-10:56 [main] INFO  org.apache.catalina.core.StandardEngine- Starting Servlet engine: [Apache Tomcat/9.0.24]
2019-09-17-10:56 [main] INFO  org.apache.catalina.core.ContainerBase.[Tomcat].[localhost].[/]- Initializing Spring embedded WebApplicationContext
2019-09-17-10:56 [main] INFO  org.springframework.web.context.ContextLoader- Root WebApplicationContext: initialization completed in 929 ms
2019-09-17-10:56 [main] INFO  org.springframework.scheduling.concurrent.ThreadPoolTaskExecutor- Initializing ExecutorService 'applicationTaskExecutor'
2019-09-17-10:56 [main] WARN  org.springframework.boot.web.servlet.context.AnnotationConfigServletWebServerApplicationContext- Exception encountered during context initialization - cancelling refresh attempt: org.springframework.beans.factory.BeanCreationException: Error creating bean with name 'sqlSessionFactory' defined in class path resource [com/baomidou/mybatisplus/autoconfigure/MybatisPlusAutoConfiguration.class]: Bean instantiation via factory method failed; nested exception is org.springframework.beans.BeanInstantiationException: Failed to instantiate [org.apache.ibatis.session.SqlSessionFactory]: Factory method 'sqlSessionFactory' threw exception; nested exception is java.lang.NoClassDefFoundError: org/mybatis/logging/LoggerFactory
2019-09-17-10:56 [main] INFO  org.springframework.scheduling.concurrent.ThreadPoolTaskExecutor- Shutting down ExecutorService 'applicationTaskExecutor'
2019-09-17-10:56 [main] INFO  org.apache.catalina.core.StandardService- Stopping service [Tomcat]
2019-09-17-10:56 [main] INFO  org.springframework.boot.autoconfigure.logging.ConditionEvaluationReportLoggingListener- 

Error starting ApplicationContext. To display the conditions report re-run your application with 'debug' enabled.
2019-09-17-10:56 [main] ERROR org.springframework.boot.SpringApplication- Application run failed
org.springframework.beans.factory.BeanCreationException: Error creating bean with name 'sqlSessionFactory' defined in class path resource [com/baomidou/mybatisplus/autoconfigure/MybatisPlusAutoConfiguration.class]: Bean instantiation via factory method failed; nested exception is org.springframework.beans.BeanInstantiationException: Failed to instantiate [org.apache.ibatis.session.SqlSessionFactory]: Factory method 'sqlSessionFactory' threw exception; nested exception is java.lang.NoClassDefFoundError: org/mybatis/logging/LoggerFactory
	at org.springframework.beans.factory.support.ConstructorResolver.instantiate(ConstructorResolver.java:627)
	at org.springframework.beans.factory.support.ConstructorResolver.instantiateUsingFactoryMethod(ConstructorResolver.java:607)
	at org.springframework.beans.factory.support.AbstractAutowireCapableBeanFactory.instantiateUsingFactoryMethod(AbstractAutowireCapableBeanFactory.java:1321)
	at org.springframework.beans.factory.support.AbstractAutowireCapableBeanFactory.createBeanInstance(AbstractAutowireCapableBeanFactory.java:1160)
	at org.springframework.beans.factory.support.AbstractAutowireCapableBeanFactory.doCreateBean(AbstractAutowireCapableBeanFactory.java:555)
	at org.springframework.beans.factory.support.AbstractAutowireCapableBeanFactory.createBean(AbstractAutowireCapableBeanFactory.java:515)
	at org.springframework.beans.factory.support.AbstractBeanFactory.lambda$doGetBean$0(AbstractBeanFactory.java:320)
	at org.springframework.beans.factory.support.DefaultSingletonBeanRegistry.getSingleton(DefaultSingletonBeanRegistry.java:222)
	at org.springframework.beans.factory.support.AbstractBeanFactory.doGetBean(AbstractBeanFactory.java:318)
	at org.springframework.beans.factory.support.AbstractBeanFactory.getBean(AbstractBeanFactory.java:199)
	at org.springframework.beans.factory.support.DefaultListableBeanFactory.preInstantiateSingletons(DefaultListableBeanFactory.java:845)
	at org.springframework.context.support.AbstractApplicationContext.finishBeanFactoryInitialization(AbstractApplicationContext.java:877)
	at org.springframework.context.support.AbstractApplicationContext.refresh(AbstractApplicationContext.java:549)
	at org.springframework.boot.web.servlet.context.ServletWebServerApplicationContext.refresh(ServletWebServerApplicationContext.java:141)
	at org.springframework.boot.SpringApplication.refresh(SpringApplication.java:744)
	at org.springframework.boot.SpringApplication.refreshContext(SpringApplication.java:391)
	at org.springframework.boot.SpringApplication.run(SpringApplication.java:312)
	at org.springframework.boot.SpringApplication.run(SpringApplication.java:1215)
	at org.springframework.boot.SpringApplication.run(SpringApplication.java:1204)
	at com.dongni.dongnimall.DongniMallApplication.main(DongniMallApplication.java:15)
Caused by: org.springframework.beans.BeanInstantiationException: Failed to instantiate [org.apache.ibatis.session.SqlSessionFactory]: Factory method 'sqlSessionFactory' threw exception; nested exception is java.lang.NoClassDefFoundError: org/mybatis/logging/LoggerFactory
	at org.springframework.beans.factory.support.SimpleInstantiationStrategy.instantiate(SimpleInstantiationStrategy.java:185)
	at org.springframework.beans.factory.support.ConstructorResolver.instantiate(ConstructorResolver.java:622)
	... 19 common frames omitted
Caused by: java.lang.NoClassDefFoundError: org/mybatis/logging/LoggerFactory
	at com.baomidou.mybatisplus.extension.spring.MybatisSqlSessionFactoryBean.<clinit>(MybatisSqlSessionFactoryBean.java:94)
	at com.baomidou.mybatisplus.autoconfigure.MybatisPlusAutoConfiguration.sqlSessionFactory(MybatisPlusAutoConfiguration.java:157)
	at com.baomidou.mybatisplus.autoconfigure.MybatisPlusAutoConfiguration$$EnhancerBySpringCGLIB$$1259722f.CGLIB$sqlSessionFactory$1(<generated>)
	at com.baomidou.mybatisplus.autoconfigure.MybatisPlusAutoConfiguration$$EnhancerBySpringCGLIB$$1259722f$$FastClassBySpringCGLIB$$ee190bd8.invoke(<generated>)
	at org.springframework.cglib.proxy.MethodProxy.invokeSuper(MethodProxy.java:244)
	at org.springframework.context.annotation.ConfigurationClassEnhancer$BeanMethodInterceptor.intercept(ConfigurationClassEnhancer.java:363)
	at com.baomidou.mybatisplus.autoconfigure.MybatisPlusAutoConfiguration$$EnhancerBySpringCGLIB$$1259722f.sqlSessionFactory(<generated>)
	at sun.reflect.NativeMethodAccessorImpl.invoke0(Native Method)
	at sun.reflect.NativeMethodAccessorImpl.invoke(NativeMethodAccessorImpl.java:62)
	at sun.reflect.DelegatingMethodAccessorImpl.invoke(DelegatingMethodAccessorImpl.java:43)
	at java.lang.reflect.Method.invoke(Method.java:498)
	at org.springframework.beans.factory.support.SimpleInstantiationStrategy.instantiate(SimpleInstantiationStrategy.java:154)
	... 20 common frames omitted
Caused by: java.lang.ClassNotFoundException: org.mybatis.logging.LoggerFactory
	at java.net.URLClassLoader.findClass(URLClassLoader.java:382)
	at java.lang.ClassLoader.loadClass(ClassLoader.java:424)
	at sun.misc.Launcher$AppClassLoader.loadClass(Launcher.java:349)
	at java.lang.ClassLoader.loadClass(ClassLoader.java:357)
	... 32 common frames omitted
2019-09-17-11:03 [main] INFO  com.dongni.dongnimall.DongniMallApplication- Starting DongniMallApplication on cengshuaideMacBook-Pro.local with PID 2816 (/Users/cengshuai/git_repository/dongniMall/src/dongniMall/target/classes started by cengshuai in /Users/cengshuai/git_repository/dongniMall/src/dongniMall)
2019-09-17-11:03 [main] INFO  com.dongni.dongnimall.DongniMallApplication- No active profile set, falling back to default profiles: default
2019-09-17-11:03 [main] WARN  tk.mybatis.spring.mapper.ClassPathMapperScanner- No MyBatis mapper was found in '[com.dongni.dongnimall]' package. Please check your configuration.
2019-09-17-11:03 [main] WARN  org.mybatis.spring.mapper.ClassPathMapperScanner- No MyBatis mapper was found in '[com.dongni.dongnimall]' package. Please check your configuration.
2019-09-17-11:03 [main] WARN  org.mybatis.spring.mapper.ClassPathMapperScanner- No MyBatis mapper was found in '[com.dongni.dongnimall]' package. Please check your configuration.
2019-09-17-11:03 [main] INFO  org.springframework.boot.web.embedded.tomcat.TomcatWebServer- Tomcat initialized with port(s): 8081 (http)
2019-09-17-11:03 [main] INFO  org.apache.catalina.core.StandardService- Starting service [Tomcat]
2019-09-17-11:03 [main] INFO  org.apache.catalina.core.StandardEngine- Starting Servlet engine: [Apache Tomcat/9.0.24]
2019-09-17-11:03 [main] INFO  org.apache.catalina.core.ContainerBase.[Tomcat].[localhost].[/]- Initializing Spring embedded WebApplicationContext
2019-09-17-11:03 [main] INFO  org.springframework.web.context.ContextLoader- Root WebApplicationContext: initialization completed in 979 ms
2019-09-17-11:03 [main] INFO  org.springframework.scheduling.concurrent.ThreadPoolTaskExecutor- Initializing ExecutorService 'applicationTaskExecutor'
2019-09-17-11:03 [main] WARN  org.springframework.boot.web.servlet.context.AnnotationConfigServletWebServerApplicationContext- Exception encountered during context initialization - cancelling refresh attempt: org.springframework.beans.factory.BeanCreationException: Error creating bean with name 'sqlSessionFactory' defined in class path resource [com/baomidou/mybatisplus/autoconfigure/MybatisPlusAutoConfiguration.class]: Bean instantiation via factory method failed; nested exception is org.springframework.beans.BeanInstantiationException: Failed to instantiate [org.apache.ibatis.session.SqlSessionFactory]: Factory method 'sqlSessionFactory' threw exception; nested exception is java.lang.NoClassDefFoundError: org/mybatis/logging/LoggerFactory
2019-09-17-11:03 [main] INFO  org.springframework.scheduling.concurrent.ThreadPoolTaskExecutor- Shutting down ExecutorService 'applicationTaskExecutor'
2019-09-17-11:03 [main] INFO  org.apache.catalina.core.StandardService- Stopping service [Tomcat]
2019-09-17-11:03 [main] INFO  org.springframework.boot.autoconfigure.logging.ConditionEvaluationReportLoggingListener- 

Error starting ApplicationContext. To display the conditions report re-run your application with 'debug' enabled.
2019-09-17-11:03 [main] ERROR org.springframework.boot.SpringApplication- Application run failed
org.springframework.beans.factory.BeanCreationException: Error creating bean with name 'sqlSessionFactory' defined in class path resource [com/baomidou/mybatisplus/autoconfigure/MybatisPlusAutoConfiguration.class]: Bean instantiation via factory method failed; nested exception is org.springframework.beans.BeanInstantiationException: Failed to instantiate [org.apache.ibatis.session.SqlSessionFactory]: Factory method 'sqlSessionFactory' threw exception; nested exception is java.lang.NoClassDefFoundError: org/mybatis/logging/LoggerFactory
	at org.springframework.beans.factory.support.ConstructorResolver.instantiate(ConstructorResolver.java:627)
	at org.springframework.beans.factory.support.ConstructorResolver.instantiateUsingFactoryMethod(ConstructorResolver.java:607)
	at org.springframework.beans.factory.support.AbstractAutowireCapableBeanFactory.instantiateUsingFactoryMethod(AbstractAutowireCapableBeanFactory.java:1321)
	at org.springframework.beans.factory.support.AbstractAutowireCapableBeanFactory.createBeanInstance(AbstractAutowireCapableBeanFactory.java:1160)
	at org.springframework.beans.factory.support.AbstractAutowireCapableBeanFactory.doCreateBean(AbstractAutowireCapableBeanFactory.java:555)
	at org.springframework.beans.factory.support.AbstractAutowireCapableBeanFactory.createBean(AbstractAutowireCapableBeanFactory.java:515)
	at org.springframework.beans.factory.support.AbstractBeanFactory.lambda$doGetBean$0(AbstractBeanFactory.java:320)
	at org.springframework.beans.factory.support.DefaultSingletonBeanRegistry.getSingleton(DefaultSingletonBeanRegistry.java:222)
	at org.springframework.beans.factory.support.AbstractBeanFactory.doGetBean(AbstractBeanFactory.java:318)
	at org.springframework.beans.factory.support.AbstractBeanFactory.getBean(AbstractBeanFactory.java:199)
	at org.springframework.beans.factory.support.DefaultListableBeanFactory.preInstantiateSingletons(DefaultListableBeanFactory.java:845)
	at org.springframework.context.support.AbstractApplicationContext.finishBeanFactoryInitialization(AbstractApplicationContext.java:877)
	at org.springframework.context.support.AbstractApplicationContext.refresh(AbstractApplicationContext.java:549)
	at org.springframework.boot.web.servlet.context.ServletWebServerApplicationContext.refresh(ServletWebServerApplicationContext.java:141)
	at org.springframework.boot.SpringApplication.refresh(SpringApplication.java:744)
	at org.springframework.boot.SpringApplication.refreshContext(SpringApplication.java:391)
	at org.springframework.boot.SpringApplication.run(SpringApplication.java:312)
	at org.springframework.boot.SpringApplication.run(SpringApplication.java:1215)
	at org.springframework.boot.SpringApplication.run(SpringApplication.java:1204)
	at com.dongni.dongnimall.DongniMallApplication.main(DongniMallApplication.java:15)
Caused by: org.springframework.beans.BeanInstantiationException: Failed to instantiate [org.apache.ibatis.session.SqlSessionFactory]: Factory method 'sqlSessionFactory' threw exception; nested exception is java.lang.NoClassDefFoundError: org/mybatis/logging/LoggerFactory
	at org.springframework.beans.factory.support.SimpleInstantiationStrategy.instantiate(SimpleInstantiationStrategy.java:185)
	at org.springframework.beans.factory.support.ConstructorResolver.instantiate(ConstructorResolver.java:622)
	... 19 common frames omitted
Caused by: java.lang.NoClassDefFoundError: org/mybatis/logging/LoggerFactory
	at com.baomidou.mybatisplus.extension.spring.MybatisSqlSessionFactoryBean.<clinit>(MybatisSqlSessionFactoryBean.java:94)
	at com.baomidou.mybatisplus.autoconfigure.MybatisPlusAutoConfiguration.sqlSessionFactory(MybatisPlusAutoConfiguration.java:157)
	at com.baomidou.mybatisplus.autoconfigure.MybatisPlusAutoConfiguration$$EnhancerBySpringCGLIB$$f5c5f595.CGLIB$sqlSessionFactory$1(<generated>)
	at com.baomidou.mybatisplus.autoconfigure.MybatisPlusAutoConfiguration$$EnhancerBySpringCGLIB$$f5c5f595$$FastClassBySpringCGLIB$$5cc5ffb0.invoke(<generated>)
	at org.springframework.cglib.proxy.MethodProxy.invokeSuper(MethodProxy.java:244)
	at org.springframework.context.annotation.ConfigurationClassEnhancer$BeanMethodInterceptor.intercept(ConfigurationClassEnhancer.java:363)
	at com.baomidou.mybatisplus.autoconfigure.MybatisPlusAutoConfiguration$$EnhancerBySpringCGLIB$$f5c5f595.sqlSessionFactory(<generated>)
	at sun.reflect.NativeMethodAccessorImpl.invoke0(Native Method)
	at sun.reflect.NativeMethodAccessorImpl.invoke(NativeMethodAccessorImpl.java:62)
	at sun.reflect.DelegatingMethodAccessorImpl.invoke(DelegatingMethodAccessorImpl.java:43)
	at java.lang.reflect.Method.invoke(Method.java:498)
	at org.springframework.beans.factory.support.SimpleInstantiationStrategy.instantiate(SimpleInstantiationStrategy.java:154)
	... 20 common frames omitted
Caused by: java.lang.ClassNotFoundException: org.mybatis.logging.LoggerFactory
	at java.net.URLClassLoader.findClass(URLClassLoader.java:382)
	at java.lang.ClassLoader.loadClass(ClassLoader.java:424)
	at sun.misc.Launcher$AppClassLoader.loadClass(Launcher.java:349)
	at java.lang.ClassLoader.loadClass(ClassLoader.java:357)
	... 32 common frames omitted
2019-09-17-11:04 [main] INFO  com.dongni.dongnimall.DongniMallApplication- Starting DongniMallApplication on cengshuaideMacBook-Pro.local with PID 2824 (/Users/cengshuai/git_repository/dongniMall/src/dongniMall/target/classes started by cengshuai in /Users/cengshuai/git_repository/dongniMall/src/dongniMall)
2019-09-17-11:04 [main] INFO  com.dongni.dongnimall.DongniMallApplication- No active profile set, falling back to default profiles: default
2019-09-17-11:04 [main] WARN  tk.mybatis.spring.mapper.ClassPathMapperScanner- No MyBatis mapper was found in '[com.dongni.dongnimall]' package. Please check your configuration.
2019-09-17-11:04 [main] WARN  org.mybatis.spring.mapper.ClassPathMapperScanner- No MyBatis mapper was found in '[com.dongni.dongnimall]' package. Please check your configuration.
2019-09-17-11:04 [main] INFO  org.springframework.boot.web.embedded.tomcat.TomcatWebServer- Tomcat initialized with port(s): 8081 (http)
2019-09-17-11:04 [main] INFO  org.apache.catalina.core.StandardService- Starting service [Tomcat]
2019-09-17-11:04 [main] INFO  org.apache.catalina.core.StandardEngine- Starting Servlet engine: [Apache Tomcat/9.0.24]
2019-09-17-11:04 [main] INFO  org.apache.catalina.core.ContainerBase.[Tomcat].[localhost].[/]- Initializing Spring embedded WebApplicationContext
2019-09-17-11:04 [main] INFO  org.springframework.web.context.ContextLoader- Root WebApplicationContext: initialization completed in 898 ms
2019-09-17-11:04 [main] INFO  org.springframework.scheduling.concurrent.ThreadPoolTaskExecutor- Initializing ExecutorService 'applicationTaskExecutor'
2019-09-17-11:04 [main] INFO  org.springframework.boot.autoconfigure.web.servlet.WelcomePageHandlerMapping- Adding welcome page: class path resource [static/index.html]
2019-09-17-11:04 [main] INFO  org.springframework.boot.web.embedded.tomcat.TomcatWebServer- Tomcat started on port(s): 8081 (http) with context path ''
2019-09-17-11:04 [main] INFO  com.dongni.dongnimall.DongniMallApplication- Started DongniMallApplication in 1.775 seconds (JVM running for 2.17)
2019-09-17-11:04 [http-nio-8081-exec-1] INFO  org.apache.catalina.core.ContainerBase.[Tomcat].[localhost].[/]- Initializing Spring DispatcherServlet 'dispatcherServlet'
2019-09-17-11:04 [http-nio-8081-exec-1] INFO  org.springframework.web.servlet.DispatcherServlet- Initializing Servlet 'dispatcherServlet'
2019-09-17-11:04 [http-nio-8081-exec-1] INFO  org.springframework.web.servlet.DispatcherServlet- Completed initialization in 8 ms
2019-09-17-11:12 [Thread-6] INFO  org.springframework.scheduling.concurrent.ThreadPoolTaskExecutor- Shutting down ExecutorService 'applicationTaskExecutor'
2019-09-17-11:12 [main] INFO  com.dongni.dongnimall.DongniMallApplication- Starting DongniMallApplication on cengshuaideMacBook-Pro.local with PID 2863 (/Users/cengshuai/git_repository/dongniMall/src/dongniMall/target/classes started by cengshuai in /Users/cengshuai/git_repository/dongniMall/src/dongniMall)
2019-09-17-11:12 [main] INFO  com.dongni.dongnimall.DongniMallApplication- No active profile set, falling back to default profiles: default
2019-09-17-11:12 [main] WARN  tk.mybatis.spring.mapper.ClassPathMapperScanner- No MyBatis mapper was found in '[com.dongni.dongnimall]' package. Please check your configuration.
2019-09-17-11:12 [main] WARN  org.mybatis.spring.mapper.ClassPathMapperScanner- No MyBatis mapper was found in '[com.dongni.dongnimall]' package. Please check your configuration.
2019-09-17-11:12 [main] INFO  org.springframework.boot.web.embedded.tomcat.TomcatWebServer- Tomcat initialized with port(s): 8081 (http)
2019-09-17-11:12 [main] INFO  org.apache.catalina.core.StandardService- Starting service [Tomcat]
2019-09-17-11:12 [main] INFO  org.apache.catalina.core.StandardEngine- Starting Servlet engine: [Apache Tomcat/9.0.24]
2019-09-17-11:12 [main] INFO  org.apache.catalina.core.ContainerBase.[Tomcat].[localhost].[/]- Initializing Spring embedded WebApplicationContext
2019-09-17-11:12 [main] INFO  org.springframework.web.context.ContextLoader- Root WebApplicationContext: initialization completed in 898 ms
2019-09-17-11:12 [main] INFO  org.springframework.scheduling.concurrent.ThreadPoolTaskExecutor- Initializing ExecutorService 'applicationTaskExecutor'
2019-09-17-11:12 [main] INFO  org.springframework.boot.autoconfigure.web.servlet.WelcomePageHandlerMapping- Adding welcome page: class path resource [static/index.html]
2019-09-17-11:12 [main] INFO  org.springframework.boot.web.embedded.tomcat.TomcatWebServer- Tomcat started on port(s): 8081 (http) with context path ''
2019-09-17-11:12 [main] INFO  com.dongni.dongnimall.DongniMallApplication- Started DongniMallApplication in 1.703 seconds (JVM running for 2.082)
2019-09-17-11:12 [http-nio-8081-exec-1] INFO  org.apache.catalina.core.ContainerBase.[Tomcat].[localhost].[/]- Initializing Spring DispatcherServlet 'dispatcherServlet'
2019-09-17-11:12 [http-nio-8081-exec-1] INFO  org.springframework.web.servlet.DispatcherServlet- Initializing Servlet 'dispatcherServlet'
2019-09-17-11:12 [http-nio-8081-exec-1] INFO  org.springframework.web.servlet.DispatcherServlet- Completed initialization in 4 ms
2019-09-17-11:21 [Thread-5] INFO  org.springframework.scheduling.concurrent.ThreadPoolTaskExecutor- Shutting down ExecutorService 'applicationTaskExecutor'
2019-09-17-11:21 [main] INFO  com.dongni.dongnimall.DongniMallApplication- Starting DongniMallApplication on cengshuaideMacBook-Pro.local with PID 2899 (/Users/cengshuai/git_repository/dongniMall/src/dongniMall/target/classes started by cengshuai in /Users/cengshuai/git_repository/dongniMall/src/dongniMall)
2019-09-17-11:21 [main] INFO  com.dongni.dongnimall.DongniMallApplication- No active profile set, falling back to default profiles: default
2019-09-17-11:21 [main] WARN  tk.mybatis.spring.mapper.ClassPathMapperScanner- No MyBatis mapper was found in '[com.dongni.dongnimall]' package. Please check your configuration.
2019-09-17-11:21 [main] WARN  org.mybatis.spring.mapper.ClassPathMapperScanner- No MyBatis mapper was found in '[com.dongni.dongnimall]' package. Please check your configuration.
2019-09-17-11:21 [main] INFO  org.springframework.boot.web.embedded.tomcat.TomcatWebServer- Tomcat initialized with port(s): 8081 (http)
2019-09-17-11:21 [main] INFO  org.apache.catalina.core.StandardService- Starting service [Tomcat]
2019-09-17-11:21 [main] INFO  org.apache.catalina.core.StandardEngine- Starting Servlet engine: [Apache Tomcat/9.0.24]
2019-09-17-11:21 [main] INFO  org.apache.catalina.core.ContainerBase.[Tomcat].[localhost].[/]- Initializing Spring embedded WebApplicationContext
2019-09-17-11:21 [main] INFO  org.springframework.web.context.ContextLoader- Root WebApplicationContext: initialization completed in 867 ms
2019-09-17-11:21 [main] INFO  org.springframework.scheduling.concurrent.ThreadPoolTaskExecutor- Initializing ExecutorService 'applicationTaskExecutor'
2019-09-17-11:21 [main] INFO  org.springframework.boot.autoconfigure.web.servlet.WelcomePageHandlerMapping- Adding welcome page: class path resource [static/index.html]
2019-09-17-11:21 [main] INFO  org.springframework.boot.web.embedded.tomcat.TomcatWebServer- Tomcat started on port(s): 8081 (http) with context path ''
2019-09-17-11:21 [main] INFO  com.dongni.dongnimall.DongniMallApplication- Started DongniMallApplication in 1.713 seconds (JVM running for 2.11)
2019-09-17-11:23 [http-nio-8081-exec-1] INFO  org.apache.catalina.core.ContainerBase.[Tomcat].[localhost].[/]- Initializing Spring DispatcherServlet 'dispatcherServlet'
2019-09-17-11:23 [http-nio-8081-exec-1] INFO  org.springframework.web.servlet.DispatcherServlet- Initializing Servlet 'dispatcherServlet'
2019-09-17-11:23 [http-nio-8081-exec-1] INFO  org.springframework.web.servlet.DispatcherServlet- Completed initialization in 7 ms
2019-09-17-11:27 [Thread-5] INFO  org.springframework.scheduling.concurrent.ThreadPoolTaskExecutor- Shutting down ExecutorService 'applicationTaskExecutor'
